[2023-03-22 05:54:29] [1] [WARN] Reporting disabled: using no op test run registrar
[2023-03-22 05:54:29] [1] [INFO] TEST [Test - testSignUpUser] STARTED at [19:54:29 2023-03-22]
[2023-03-22 05:54:29] [1] [INFO] Starting driver session...
[2023-03-22 05:54:32] [1] [INFO] Driver session started.
[2023-03-22 05:54:32] [1] [INFO] INFO: opening url 'https://www.gsmarena.com'
[2023-03-22 05:54:38] [1] [INFO] PASS: element 'signUpButton' is clicked.
[2023-03-22 05:54:41] [1] [INFO] PASS: keys 'YioAGHZkdRXYXkDFoQhl' are sent to element 'nickNameField'.
[2023-03-22 05:55:03] [1] [INFO] PASS: keys 'xnS2zIh4aABKdDNPNgS9aMBGLt1rgFOjZIPSHLWH@gmail.com' are sent to element 'emailField'.
[2023-03-22 05:55:05] [1] [INFO] PASS: keys 'Jbzh7PmhdLpyqARO3tUJ' are sent to element 'passwordField'.
[2023-03-22 05:55:06] [1] [INFO] PASS: element 'toggle1' is clicked.
[2023-03-22 05:55:08] [1] [INFO] PASS: element 'toggle2' is clicked.
[2023-03-22 05:55:15] [1] [INFO] PASS: element 'submitButton' is clicked.
[2023-03-22 05:55:20] [1] [ERROR] TEST [Test - testSignUpUser] FAILED at [19:55:20 2023-03-22] - expected [true] but found [false]

org.testng.Assert.fail(Assert.java:110)
org.testng.Assert.failNotEquals(Assert.java:1413)
org.testng.Assert.assertTrue(Assert.java:56)
org.testng.Assert.assertTrue(Assert.java:66)
SignUpTest.testSignUpUser(SignUpTest.java:33)
java.base/jdk.internal.reflect.NativeMethodAccessorImpl.invoke0(Native Method)
java.base/jdk.internal.reflect.NativeMethodAccessorImpl.invoke(NativeMethodAccessorImpl.java:62)
java.base/jdk.internal.reflect.DelegatingMethodAccessorImpl.invoke(DelegatingMethodAccessorImpl.java:43)
java.base/java.lang.reflect.Method.invoke(Method.java:566)
org.testng.internal.invokers.MethodInvocationHelper.invokeMethod(MethodInvocationHelper.java:139)
org.testng.internal.invokers.TestInvoker.invokeMethod(TestInvoker.java:677)
org.testng.internal.invokers.TestInvoker.invokeTestMethod(TestInvoker.java:221)
org.testng.internal.invokers.MethodRunner.runInSequence(MethodRunner.java:50)
org.testng.internal.invokers.TestInvoker$MethodInvocationAgent.invoke(TestInvoker.java:962)
org.testng.internal.invokers.TestInvoker.invokeTestMethods(TestInvoker.java:194)
org.testng.internal.invokers.TestMethodWorker.invokeTestMethods(TestMethodWorker.java:148)
org.testng.internal.invokers.TestMethodWorker.run(TestMethodWorker.java:128)
java.base/java.util.ArrayList.forEach(ArrayList.java:1541)
org.testng.TestRunner.privateRun(TestRunner.java:806)
org.testng.TestRunner.run(TestRunner.java:601)
org.testng.SuiteRunner.runTest(SuiteRunner.java:433)
org.testng.SuiteRunner.runSequentially(SuiteRunner.java:427)
org.testng.SuiteRunner.privateRun(SuiteRunner.java:387)
org.testng.SuiteRunner.run(SuiteRunner.java:330)
org.testng.SuiteRunnerWorker.runSuite(SuiteRunnerWorker.java:52)
org.testng.SuiteRunnerWorker.run(SuiteRunnerWorker.java:95)
org.testng.TestNG.runSuitesSequentially(TestNG.java:1256)
org.testng.TestNG.runSuitesLocally(TestNG.java:1176)
org.testng.TestNG.runSuites(TestNG.java:1099)
org.testng.TestNG.run(TestNG.java:1067)
com.intellij.rt.testng.IDEARemoteTestNG.run(IDEARemoteTestNG.java:66)
com.intellij.rt.testng.RemoteTestNGStarter.main(RemoteTestNGStarter.java:109)
